{"/Users/andresmiranda/Documents/Workspace/AndresMirandaDev/repos/ToolMaster-backend/index.js": {"path":"/Users/andresmiranda/Documents/Workspace/AndresMirandaDev/repos/ToolMaster-backend/index.js","statementMap":{"0":{"start":{"line":1,"column":16},"end":{"line":1,"column":34}},"1":{"start":{"line":2,"column":16},"end":{"line":2,"column":34}},"2":{"start":{"line":3,"column":12},"end":{"line":3,"column":26}},"3":{"start":{"line":5,"column":12},"end":{"line":5,"column":21}},"4":{"start":{"line":7,"column":0},"end":{"line":7,"column":31}},"5":{"start":{"line":8,"column":0},"end":{"line":8,"column":33}},"6":{"start":{"line":9,"column":0},"end":{"line":9,"column":26}},"7":{"start":{"line":10,"column":0},"end":{"line":10,"column":30}},"8":{"start":{"line":11,"column":0},"end":{"line":11,"column":34}},"9":{"start":{"line":13,"column":13},"end":{"line":13,"column":37}},"10":{"start":{"line":15,"column":15},"end":{"line":17,"column":2}},"11":{"start":{"line":16,"column":2},"end":{"line":16,"column":47}},"12":{"start":{"line":19,"column":0},"end":{"line":19,"column":24}}},"fnMap":{"0":{"name":"(anonymous_0)","decl":{"start":{"line":15,"column":32},"end":{"line":15,"column":33}},"loc":{"start":{"line":15,"column":38},"end":{"line":17,"column":1}},"line":15}},"branchMap":{"0":{"loc":{"start":{"line":13,"column":13},"end":{"line":13,"column":37}},"type":"binary-expr","locations":[{"start":{"line":13,"column":13},"end":{"line":13,"column":29}},{"start":{"line":13,"column":33},"end":{"line":13,"column":37}}],"line":13}},"s":{"0":2,"1":2,"2":2,"3":2,"4":2,"5":2,"6":2,"7":2,"8":2,"9":2,"10":2,"11":2,"12":2},"f":{"0":2},"b":{"0":[2,2]},"_coverageSchema":"1a1c01bbd47fc00a2c39e90264f33305004495a9","hash":"0c9bcf2e238278bbc0c897a94d489655f8310cbb"}
,"/Users/andresmiranda/Documents/Workspace/AndresMirandaDev/repos/ToolMaster-backend/middleware/admin.js": {"path":"/Users/andresmiranda/Documents/Workspace/AndresMirandaDev/repos/ToolMaster-backend/middleware/admin.js","statementMap":{"0":{"start":{"line":1,"column":0},"end":{"line":5,"column":2}},"1":{"start":{"line":2,"column":2},"end":{"line":2,"column":70}},"2":{"start":{"line":2,"column":25},"end":{"line":2,"column":70}},"3":{"start":{"line":4,"column":2},"end":{"line":4,"column":9}}},"fnMap":{"0":{"name":"(anonymous_0)","decl":{"start":{"line":1,"column":17},"end":{"line":1,"column":18}},"loc":{"start":{"line":1,"column":43},"end":{"line":5,"column":1}},"line":1}},"branchMap":{"0":{"loc":{"start":{"line":2,"column":2},"end":{"line":2,"column":70}},"type":"if","locations":[{"start":{"line":2,"column":2},"end":{"line":2,"column":70}},{"start":{},"end":{}}],"line":2}},"s":{"0":2,"1":3,"2":1,"3":2},"f":{"0":3},"b":{"0":[1,2]},"_coverageSchema":"1a1c01bbd47fc00a2c39e90264f33305004495a9","hash":"779fba47ea1351f71b731c35bbe800598bdbc614"}
,"/Users/andresmiranda/Documents/Workspace/AndresMirandaDev/repos/ToolMaster-backend/middleware/authorize.js": {"path":"/Users/andresmiranda/Documents/Workspace/AndresMirandaDev/repos/ToolMaster-backend/middleware/authorize.js","statementMap":{"0":{"start":{"line":1,"column":12},"end":{"line":1,"column":35}},"1":{"start":{"line":2,"column":15},"end":{"line":2,"column":32}},"2":{"start":{"line":5,"column":16},"end":{"line":5,"column":42}},"3":{"start":{"line":6,"column":2},"end":{"line":6,"column":79}},"4":{"start":{"line":6,"column":14},"end":{"line":6,"column":79}},"5":{"start":{"line":8,"column":2},"end":{"line":14,"column":3}},"6":{"start":{"line":9,"column":20},"end":{"line":9,"column":66}},"7":{"start":{"line":10,"column":4},"end":{"line":10,"column":23}},"8":{"start":{"line":11,"column":4},"end":{"line":11,"column":11}},"9":{"start":{"line":13,"column":4},"end":{"line":13,"column":43}},"10":{"start":{"line":17,"column":0},"end":{"line":17,"column":27}}},"fnMap":{"0":{"name":"authorize","decl":{"start":{"line":4,"column":9},"end":{"line":4,"column":18}},"loc":{"start":{"line":4,"column":35},"end":{"line":15,"column":1}},"line":4}},"branchMap":{"0":{"loc":{"start":{"line":6,"column":2},"end":{"line":6,"column":79}},"type":"if","locations":[{"start":{"line":6,"column":2},"end":{"line":6,"column":79}},{"start":{},"end":{}}],"line":6}},"s":{"0":2,"1":2,"2":13,"3":13,"4":4,"5":9,"6":9,"7":7,"8":7,"9":2,"10":2},"f":{"0":13},"b":{"0":[4,9]},"_coverageSchema":"1a1c01bbd47fc00a2c39e90264f33305004495a9","hash":"d4f6481630e85c7525ca7b165abb5f95f5bfd4ad"}
,"/Users/andresmiranda/Documents/Workspace/AndresMirandaDev/repos/ToolMaster-backend/middleware/error.js": {"path":"/Users/andresmiranda/Documents/Workspace/AndresMirandaDev/repos/ToolMaster-backend/middleware/error.js","statementMap":{"0":{"start":{"line":1,"column":16},"end":{"line":1,"column":34}},"1":{"start":{"line":3,"column":0},"end":{"line":7,"column":2}},"2":{"start":{"line":4,"column":2},"end":{"line":4,"column":35}},"3":{"start":{"line":6,"column":2},"end":{"line":6,"column":44}}},"fnMap":{"0":{"name":"(anonymous_0)","decl":{"start":{"line":3,"column":17},"end":{"line":3,"column":18}},"loc":{"start":{"line":3,"column":48},"end":{"line":7,"column":1}},"line":3}},"branchMap":{},"s":{"0":2,"1":2,"2":0,"3":0},"f":{"0":0},"b":{},"_coverageSchema":"1a1c01bbd47fc00a2c39e90264f33305004495a9","hash":"13488367d3f0f1557e8f737671e34f5aecf71523"}
,"/Users/andresmiranda/Documents/Workspace/AndresMirandaDev/repos/ToolMaster-backend/middleware/validateObjectId.js": {"path":"/Users/andresmiranda/Documents/Workspace/AndresMirandaDev/repos/ToolMaster-backend/middleware/validateObjectId.js","statementMap":{"0":{"start":{"line":1,"column":17},"end":{"line":1,"column":36}},"1":{"start":{"line":3,"column":0},"end":{"line":8,"column":2}},"2":{"start":{"line":4,"column":2},"end":{"line":5,"column":47}},"3":{"start":{"line":5,"column":4},"end":{"line":5,"column":47}},"4":{"start":{"line":7,"column":2},"end":{"line":7,"column":9}}},"fnMap":{"0":{"name":"(anonymous_0)","decl":{"start":{"line":3,"column":17},"end":{"line":3,"column":18}},"loc":{"start":{"line":3,"column":43},"end":{"line":8,"column":1}},"line":3}},"branchMap":{"0":{"loc":{"start":{"line":4,"column":2},"end":{"line":5,"column":47}},"type":"if","locations":[{"start":{"line":4,"column":2},"end":{"line":5,"column":47}},{"start":{},"end":{}}],"line":4}},"s":{"0":2,"1":2,"2":3,"3":1,"4":2},"f":{"0":3},"b":{"0":[1,2]},"_coverageSchema":"1a1c01bbd47fc00a2c39e90264f33305004495a9","hash":"5e56fcee82ba1555e158f3e19126e512020b1af9"}
,"/Users/andresmiranda/Documents/Workspace/AndresMirandaDev/repos/ToolMaster-backend/models/project.js": {"path":"/Users/andresmiranda/Documents/Workspace/AndresMirandaDev/repos/ToolMaster-backend/models/project.js","statementMap":{"0":{"start":{"line":1,"column":17},"end":{"line":1,"column":36}},"1":{"start":{"line":2,"column":12},"end":{"line":2,"column":26}},"2":{"start":{"line":4,"column":22},"end":{"line":38,"column":2}},"3":{"start":{"line":40,"column":16},"end":{"line":40,"column":56}},"4":{"start":{"line":43,"column":17},"end":{"line":51,"column":3}},"5":{"start":{"line":53,"column":2},"end":{"line":53,"column":39}},"6":{"start":{"line":56,"column":0},"end":{"line":56,"column":42}},"7":{"start":{"line":57,"column":0},"end":{"line":57,"column":33}}},"fnMap":{"0":{"name":"validateProject","decl":{"start":{"line":42,"column":9},"end":{"line":42,"column":24}},"loc":{"start":{"line":42,"column":34},"end":{"line":54,"column":1}},"line":42}},"branchMap":{},"s":{"0":2,"1":2,"2":2,"3":2,"4":1,"5":1,"6":2,"7":2},"f":{"0":1},"b":{},"_coverageSchema":"1a1c01bbd47fc00a2c39e90264f33305004495a9","hash":"fd2fdc27025cbf1dd73097dbf1e63cc1b85c902e"}
,"/Users/andresmiranda/Documents/Workspace/AndresMirandaDev/repos/ToolMaster-backend/models/salaryReport.js": {"path":"/Users/andresmiranda/Documents/Workspace/AndresMirandaDev/repos/ToolMaster-backend/models/salaryReport.js","statementMap":{"0":{"start":{"line":1,"column":17},"end":{"line":1,"column":36}},"1":{"start":{"line":2,"column":12},"end":{"line":2,"column":26}},"2":{"start":{"line":4,"column":27},"end":{"line":37,"column":2}},"3":{"start":{"line":39,"column":21},"end":{"line":39,"column":71}},"4":{"start":{"line":42,"column":17},"end":{"line":56,"column":3}},"5":{"start":{"line":57,"column":2},"end":{"line":57,"column":38}},"6":{"start":{"line":60,"column":0},"end":{"line":60,"column":47}},"7":{"start":{"line":61,"column":0},"end":{"line":61,"column":43}}},"fnMap":{"0":{"name":"validateSalaryReport","decl":{"start":{"line":41,"column":9},"end":{"line":41,"column":29}},"loc":{"start":{"line":41,"column":38},"end":{"line":58,"column":1}},"line":41}},"branchMap":{},"s":{"0":2,"1":2,"2":2,"3":2,"4":0,"5":0,"6":2,"7":2},"f":{"0":0},"b":{},"_coverageSchema":"1a1c01bbd47fc00a2c39e90264f33305004495a9","hash":"0f717f67df424f78ee8aceeebb0fc564c08bc920"}
,"/Users/andresmiranda/Documents/Workspace/AndresMirandaDev/repos/ToolMaster-backend/models/tool.js": {"path":"/Users/andresmiranda/Documents/Workspace/AndresMirandaDev/repos/ToolMaster-backend/models/tool.js","statementMap":{"0":{"start":{"line":1,"column":17},"end":{"line":1,"column":36}},"1":{"start":{"line":2,"column":12},"end":{"line":2,"column":26}},"2":{"start":{"line":4,"column":19},"end":{"line":28,"column":2}},"3":{"start":{"line":30,"column":13},"end":{"line":30,"column":47}},"4":{"start":{"line":35,"column":17},"end":{"line":41,"column":3}},"5":{"start":{"line":42,"column":2},"end":{"line":42,"column":36}},"6":{"start":{"line":45,"column":0},"end":{"line":45,"column":39}},"7":{"start":{"line":46,"column":0},"end":{"line":46,"column":27}}},"fnMap":{"0":{"name":"validateTool","decl":{"start":{"line":34,"column":9},"end":{"line":34,"column":21}},"loc":{"start":{"line":34,"column":28},"end":{"line":43,"column":1}},"line":34}},"branchMap":{},"s":{"0":2,"1":2,"2":2,"3":2,"4":0,"5":0,"6":2,"7":2},"f":{"0":0},"b":{},"_coverageSchema":"1a1c01bbd47fc00a2c39e90264f33305004495a9","hash":"9004c086b7c32207ad93491536eea46d80f3cfda"}
,"/Users/andresmiranda/Documents/Workspace/AndresMirandaDev/repos/ToolMaster-backend/models/toolGroup.js": {"path":"/Users/andresmiranda/Documents/Workspace/AndresMirandaDev/repos/ToolMaster-backend/models/toolGroup.js","statementMap":{"0":{"start":{"line":1,"column":17},"end":{"line":1,"column":36}},"1":{"start":{"line":2,"column":12},"end":{"line":2,"column":26}},"2":{"start":{"line":4,"column":24},"end":{"line":17,"column":2}},"3":{"start":{"line":19,"column":18},"end":{"line":19,"column":62}},"4":{"start":{"line":22,"column":17},"end":{"line":25,"column":3}},"5":{"start":{"line":26,"column":2},"end":{"line":26,"column":41}},"6":{"start":{"line":29,"column":0},"end":{"line":29,"column":37}},"7":{"start":{"line":30,"column":0},"end":{"line":30,"column":44}}},"fnMap":{"0":{"name":"validateToolGroup","decl":{"start":{"line":21,"column":9},"end":{"line":21,"column":26}},"loc":{"start":{"line":21,"column":38},"end":{"line":27,"column":1}},"line":21}},"branchMap":{},"s":{"0":2,"1":2,"2":2,"3":2,"4":1,"5":1,"6":2,"7":2},"f":{"0":1},"b":{},"_coverageSchema":"1a1c01bbd47fc00a2c39e90264f33305004495a9","hash":"9e0ad64d2360721bccfc4d44da6f4ee13f56fa44"}
,"/Users/andresmiranda/Documents/Workspace/AndresMirandaDev/repos/ToolMaster-backend/models/user.js": {"path":"/Users/andresmiranda/Documents/Workspace/AndresMirandaDev/repos/ToolMaster-backend/models/user.js","statementMap":{"0":{"start":{"line":1,"column":17},"end":{"line":1,"column":36}},"1":{"start":{"line":2,"column":12},"end":{"line":2,"column":26}},"2":{"start":{"line":3,"column":12},"end":{"line":3,"column":35}},"3":{"start":{"line":4,"column":15},"end":{"line":4,"column":32}},"4":{"start":{"line":6,"column":19},"end":{"line":34,"column":2}},"5":{"start":{"line":37,"column":0},"end":{"line":43,"column":2}},"6":{"start":{"line":38,"column":16},"end":{"line":41,"column":3}},"7":{"start":{"line":42,"column":2},"end":{"line":42,"column":15}},"8":{"start":{"line":45,"column":13},"end":{"line":45,"column":47}},"9":{"start":{"line":48,"column":17},"end":{"line":54,"column":3}},"10":{"start":{"line":56,"column":2},"end":{"line":56,"column":36}},"11":{"start":{"line":59,"column":0},"end":{"line":59,"column":27}},"12":{"start":{"line":60,"column":0},"end":{"line":60,"column":39}}},"fnMap":{"0":{"name":"(anonymous_0)","decl":{"start":{"line":37,"column":39},"end":{"line":37,"column":40}},"loc":{"start":{"line":37,"column":51},"end":{"line":43,"column":1}},"line":37},"1":{"name":"validateUser","decl":{"start":{"line":47,"column":9},"end":{"line":47,"column":21}},"loc":{"start":{"line":47,"column":28},"end":{"line":57,"column":1}},"line":47}},"branchMap":{},"s":{"0":2,"1":2,"2":2,"3":2,"4":2,"5":2,"6":14,"7":14,"8":2,"9":0,"10":0,"11":2,"12":2},"f":{"0":14,"1":0},"b":{},"_coverageSchema":"1a1c01bbd47fc00a2c39e90264f33305004495a9","hash":"3524f4f5de8254ac5e0eb64b62467d625286dd9c"}
,"/Users/andresmiranda/Documents/Workspace/AndresMirandaDev/repos/ToolMaster-backend/routes/auth.js": {"path":"/Users/andresmiranda/Documents/Workspace/AndresMirandaDev/repos/ToolMaster-backend/routes/auth.js","statementMap":{"0":{"start":{"line":2,"column":15},"end":{"line":2,"column":32}},"1":{"start":{"line":3,"column":15},"end":{"line":3,"column":32}},"2":{"start":{"line":4,"column":12},"end":{"line":4,"column":35}},"3":{"start":{"line":5,"column":17},"end":{"line":5,"column":36}},"4":{"start":{"line":6,"column":12},"end":{"line":6,"column":26}},"5":{"start":{"line":7,"column":16},"end":{"line":7,"column":34}},"6":{"start":{"line":8,"column":15},"end":{"line":8,"column":31}},"7":{"start":{"line":9,"column":10},"end":{"line":9,"column":27}},"8":{"start":{"line":10,"column":17},"end":{"line":10,"column":42}},"9":{"start":{"line":12,"column":0},"end":{"line":26,"column":3}},"10":{"start":{"line":13,"column":17},"end":{"line":13,"column":35}},"11":{"start":{"line":14,"column":2},"end":{"line":15,"column":65}},"12":{"start":{"line":15,"column":4},"end":{"line":15,"column":65}},"13":{"start":{"line":17,"column":13},"end":{"line":17,"column":58}},"14":{"start":{"line":18,"column":2},"end":{"line":18,"column":71}},"15":{"start":{"line":18,"column":13},"end":{"line":18,"column":71}},"16":{"start":{"line":20,"column":24},"end":{"line":20,"column":78}},"17":{"start":{"line":21,"column":2},"end":{"line":21,"column":80}},"18":{"start":{"line":21,"column":22},"end":{"line":21,"column":80}},"19":{"start":{"line":23,"column":16},"end":{"line":23,"column":40}},"20":{"start":{"line":25,"column":2},"end":{"line":25,"column":18}},"21":{"start":{"line":29,"column":17},"end":{"line":32,"column":3}},"22":{"start":{"line":33,"column":2},"end":{"line":33,"column":35}},"23":{"start":{"line":36,"column":0},"end":{"line":36,"column":24}}},"fnMap":{"0":{"name":"(anonymous_0)","decl":{"start":{"line":12,"column":17},"end":{"line":12,"column":18}},"loc":{"start":{"line":12,"column":37},"end":{"line":26,"column":1}},"line":12},"1":{"name":"validate","decl":{"start":{"line":28,"column":9},"end":{"line":28,"column":17}},"loc":{"start":{"line":28,"column":23},"end":{"line":34,"column":1}},"line":28}},"branchMap":{"0":{"loc":{"start":{"line":14,"column":2},"end":{"line":15,"column":65}},"type":"if","locations":[{"start":{"line":14,"column":2},"end":{"line":15,"column":65}},{"start":{},"end":{}}],"line":14},"1":{"loc":{"start":{"line":18,"column":2},"end":{"line":18,"column":71}},"type":"if","locations":[{"start":{"line":18,"column":2},"end":{"line":18,"column":71}},{"start":{},"end":{}}],"line":18},"2":{"loc":{"start":{"line":21,"column":2},"end":{"line":21,"column":80}},"type":"if","locations":[{"start":{"line":21,"column":2},"end":{"line":21,"column":80}},{"start":{},"end":{}}],"line":21}},"s":{"0":2,"1":2,"2":2,"3":2,"4":2,"5":2,"6":2,"7":2,"8":2,"9":2,"10":0,"11":0,"12":0,"13":0,"14":0,"15":0,"16":0,"17":0,"18":0,"19":0,"20":0,"21":0,"22":0,"23":2},"f":{"0":0,"1":0},"b":{"0":[0,0],"1":[0,0],"2":[0,0]},"_coverageSchema":"1a1c01bbd47fc00a2c39e90264f33305004495a9","hash":"39594aaec2030bfd636059f4b14d96df6c7ccb85"}
,"/Users/andresmiranda/Documents/Workspace/AndresMirandaDev/repos/ToolMaster-backend/routes/home.js": {"path":"/Users/andresmiranda/Documents/Workspace/AndresMirandaDev/repos/ToolMaster-backend/routes/home.js","statementMap":{"0":{"start":{"line":1,"column":16},"end":{"line":1,"column":34}},"1":{"start":{"line":2,"column":15},"end":{"line":2,"column":31}},"2":{"start":{"line":4,"column":0},"end":{"line":6,"column":3}},"3":{"start":{"line":5,"column":2},"end":{"line":5,"column":36}},"4":{"start":{"line":8,"column":0},"end":{"line":8,"column":24}}},"fnMap":{"0":{"name":"(anonymous_0)","decl":{"start":{"line":4,"column":16},"end":{"line":4,"column":17}},"loc":{"start":{"line":4,"column":30},"end":{"line":6,"column":1}},"line":4}},"branchMap":{},"s":{"0":2,"1":2,"2":2,"3":0,"4":2},"f":{"0":0},"b":{},"_coverageSchema":"1a1c01bbd47fc00a2c39e90264f33305004495a9","hash":"84553f1643f422c9eab368a3176136df23ed3ae8"}
,"/Users/andresmiranda/Documents/Workspace/AndresMirandaDev/repos/ToolMaster-backend/routes/projects.js": {"path":"/Users/andresmiranda/Documents/Workspace/AndresMirandaDev/repos/ToolMaster-backend/routes/projects.js","statementMap":{"0":{"start":{"line":1,"column":17},"end":{"line":1,"column":36}},"1":{"start":{"line":2,"column":16},"end":{"line":2,"column":34}},"2":{"start":{"line":3,"column":15},"end":{"line":3,"column":31}},"3":{"start":{"line":4,"column":30},"end":{"line":4,"column":58}},"4":{"start":{"line":5,"column":18},"end":{"line":5,"column":52}},"5":{"start":{"line":6,"column":14},"end":{"line":6,"column":44}},"6":{"start":{"line":7,"column":25},"end":{"line":7,"column":66}},"7":{"start":{"line":9,"column":0},"end":{"line":15,"column":3}},"8":{"start":{"line":10,"column":19},"end":{"line":12,"column":39}},"9":{"start":{"line":14,"column":2},"end":{"line":14,"column":21}},"10":{"start":{"line":17,"column":0},"end":{"line":26,"column":3}},"11":{"start":{"line":18,"column":18},"end":{"line":21,"column":3}},"12":{"start":{"line":23,"column":2},"end":{"line":24,"column":76}},"13":{"start":{"line":24,"column":4},"end":{"line":24,"column":76}},"14":{"start":{"line":25,"column":2},"end":{"line":25,"column":20}},"15":{"start":{"line":28,"column":0},"end":{"line":48,"column":3}},"16":{"start":{"line":29,"column":17},"end":{"line":29,"column":35}},"17":{"start":{"line":30,"column":2},"end":{"line":31,"column":65}},"18":{"start":{"line":31,"column":4},"end":{"line":31,"column":65}},"19":{"start":{"line":34,"column":4},"end":{"line":34,"column":12}},"20":{"start":{"line":36,"column":16},"end":{"line":43,"column":4}},"21":{"start":{"line":45,"column":2},"end":{"line":45,"column":33}},"22":{"start":{"line":47,"column":2},"end":{"line":47,"column":20}},"23":{"start":{"line":50,"column":0},"end":{"line":76,"column":3}},"24":{"start":{"line":51,"column":17},"end":{"line":51,"column":35}},"25":{"start":{"line":53,"column":2},"end":{"line":54,"column":65}},"26":{"start":{"line":54,"column":4},"end":{"line":54,"column":65}},"27":{"start":{"line":57,"column":4},"end":{"line":57,"column":12}},"28":{"start":{"line":59,"column":18},"end":{"line":70,"column":3}},"29":{"start":{"line":72,"column":2},"end":{"line":73,"column":76}},"30":{"start":{"line":73,"column":4},"end":{"line":73,"column":76}},"31":{"start":{"line":75,"column":2},"end":{"line":75,"column":20}},"32":{"start":{"line":78,"column":0},"end":{"line":89,"column":2}},"33":{"start":{"line":82,"column":20},"end":{"line":82,"column":66}},"34":{"start":{"line":84,"column":4},"end":{"line":85,"column":78}},"35":{"start":{"line":85,"column":6},"end":{"line":85,"column":78}},"36":{"start":{"line":87,"column":4},"end":{"line":87,"column":22}},"37":{"start":{"line":91,"column":0},"end":{"line":91,"column":24}}},"fnMap":{"0":{"name":"(anonymous_0)","decl":{"start":{"line":9,"column":27},"end":{"line":9,"column":28}},"loc":{"start":{"line":9,"column":47},"end":{"line":15,"column":1}},"line":9},"1":{"name":"(anonymous_1)","decl":{"start":{"line":17,"column":50},"end":{"line":17,"column":51}},"loc":{"start":{"line":17,"column":70},"end":{"line":26,"column":1}},"line":17},"2":{"name":"(anonymous_2)","decl":{"start":{"line":28,"column":37},"end":{"line":28,"column":38}},"loc":{"start":{"line":28,"column":57},"end":{"line":48,"column":1}},"line":28},"3":{"name":"(anonymous_3)","decl":{"start":{"line":50,"column":57},"end":{"line":50,"column":58}},"loc":{"start":{"line":50,"column":77},"end":{"line":76,"column":1}},"line":50},"4":{"name":"(anonymous_4)","decl":{"start":{"line":81,"column":2},"end":{"line":81,"column":3}},"loc":{"start":{"line":81,"column":22},"end":{"line":88,"column":3}},"line":81}},"branchMap":{"0":{"loc":{"start":{"line":23,"column":2},"end":{"line":24,"column":76}},"type":"if","locations":[{"start":{"line":23,"column":2},"end":{"line":24,"column":76}},{"start":{},"end":{}}],"line":23},"1":{"loc":{"start":{"line":30,"column":2},"end":{"line":31,"column":65}},"type":"if","locations":[{"start":{"line":30,"column":2},"end":{"line":31,"column":65}},{"start":{},"end":{}}],"line":30},"2":{"loc":{"start":{"line":53,"column":2},"end":{"line":54,"column":65}},"type":"if","locations":[{"start":{"line":53,"column":2},"end":{"line":54,"column":65}},{"start":{},"end":{}}],"line":53},"3":{"loc":{"start":{"line":72,"column":2},"end":{"line":73,"column":76}},"type":"if","locations":[{"start":{"line":72,"column":2},"end":{"line":73,"column":76}},{"start":{},"end":{}}],"line":72},"4":{"loc":{"start":{"line":84,"column":4},"end":{"line":85,"column":78}},"type":"if","locations":[{"start":{"line":84,"column":4},"end":{"line":85,"column":78}},{"start":{},"end":{}}],"line":84}},"s":{"0":2,"1":2,"2":2,"3":2,"4":2,"5":2,"6":2,"7":2,"8":1,"9":1,"10":2,"11":2,"12":2,"13":1,"14":1,"15":2,"16":1,"17":1,"18":1,"19":0,"20":0,"21":0,"22":0,"23":2,"24":0,"25":0,"26":0,"27":0,"28":0,"29":0,"30":0,"31":0,"32":2,"33":0,"34":0,"35":0,"36":0,"37":2},"f":{"0":1,"1":2,"2":1,"3":0,"4":0},"b":{"0":[1,1],"1":[1,0],"2":[0,0],"3":[0,0],"4":[0,0]},"_coverageSchema":"1a1c01bbd47fc00a2c39e90264f33305004495a9","hash":"addfdafd1c78c501bf7cb106f36c06252ecfe806"}
,"/Users/andresmiranda/Documents/Workspace/AndresMirandaDev/repos/ToolMaster-backend/routes/salaryReports.js": {"path":"/Users/andresmiranda/Documents/Workspace/AndresMirandaDev/repos/ToolMaster-backend/routes/salaryReports.js","statementMap":{"0":{"start":{"line":1,"column":16},"end":{"line":1,"column":34}},"1":{"start":{"line":2,"column":15},"end":{"line":2,"column":31}},"2":{"start":{"line":3,"column":35},"end":{"line":3,"column":68}},"3":{"start":{"line":4,"column":17},"end":{"line":4,"column":42}},"4":{"start":{"line":5,"column":20},"end":{"line":5,"column":48}},"5":{"start":{"line":6,"column":14},"end":{"line":6,"column":44}},"6":{"start":{"line":7,"column":18},"end":{"line":7,"column":52}},"7":{"start":{"line":8,"column":25},"end":{"line":8,"column":66}},"8":{"start":{"line":10,"column":0},"end":{"line":17,"column":3}},"9":{"start":{"line":11,"column":18},"end":{"line":14,"column":74}},"10":{"start":{"line":16,"column":2},"end":{"line":16,"column":20}},"11":{"start":{"line":19,"column":0},"end":{"line":29,"column":3}},"12":{"start":{"line":20,"column":17},"end":{"line":22,"column":74}},"13":{"start":{"line":23,"column":2},"end":{"line":26,"column":61}},"14":{"start":{"line":24,"column":4},"end":{"line":26,"column":61}},"15":{"start":{"line":28,"column":2},"end":{"line":28,"column":19}},"16":{"start":{"line":31,"column":0},"end":{"line":69,"column":3}},"17":{"start":{"line":32,"column":17},"end":{"line":32,"column":35}},"18":{"start":{"line":33,"column":2},"end":{"line":34,"column":65}},"19":{"start":{"line":34,"column":4},"end":{"line":34,"column":65}},"20":{"start":{"line":36,"column":37},"end":{"line":36,"column":45}},"21":{"start":{"line":39,"column":15},"end":{"line":39,"column":42}},"22":{"start":{"line":40,"column":2},"end":{"line":41,"column":73}},"23":{"start":{"line":41,"column":4},"end":{"line":41,"column":73}},"24":{"start":{"line":44,"column":2},"end":{"line":52,"column":5}},"25":{"start":{"line":45,"column":4},"end":{"line":51,"column":7}},"26":{"start":{"line":46,"column":22},"end":{"line":46,"column":59}},"27":{"start":{"line":47,"column":6},"end":{"line":50,"column":79}},"28":{"start":{"line":48,"column":8},"end":{"line":50,"column":79}},"29":{"start":{"line":54,"column":15},"end":{"line":58,"column":4}},"30":{"start":{"line":60,"column":2},"end":{"line":60,"column":31}},"31":{"start":{"line":62,"column":2},"end":{"line":62,"column":56}},"32":{"start":{"line":63,"column":2},"end":{"line":66,"column":4}},"33":{"start":{"line":68,"column":2},"end":{"line":68,"column":19}},"34":{"start":{"line":71,"column":0},"end":{"line":110,"column":3}},"35":{"start":{"line":72,"column":17},"end":{"line":72,"column":35}},"36":{"start":{"line":73,"column":2},"end":{"line":74,"column":65}},"37":{"start":{"line":74,"column":4},"end":{"line":74,"column":65}},"38":{"start":{"line":76,"column":37},"end":{"line":76,"column":45}},"39":{"start":{"line":79,"column":15},"end":{"line":79,"column":42}},"40":{"start":{"line":80,"column":2},"end":{"line":81,"column":73}},"41":{"start":{"line":81,"column":4},"end":{"line":81,"column":73}},"42":{"start":{"line":84,"column":2},"end":{"line":92,"column":5}},"43":{"start":{"line":85,"column":4},"end":{"line":91,"column":7}},"44":{"start":{"line":86,"column":22},"end":{"line":86,"column":59}},"45":{"start":{"line":87,"column":6},"end":{"line":90,"column":79}},"46":{"start":{"line":88,"column":8},"end":{"line":90,"column":79}},"47":{"start":{"line":94,"column":17},"end":{"line":104,"column":74}},"48":{"start":{"line":106,"column":2},"end":{"line":107,"column":75}},"49":{"start":{"line":107,"column":4},"end":{"line":107,"column":75}},"50":{"start":{"line":109,"column":2},"end":{"line":109,"column":19}},"51":{"start":{"line":112,"column":0},"end":{"line":123,"column":2}},"52":{"start":{"line":116,"column":19},"end":{"line":116,"column":70}},"53":{"start":{"line":118,"column":4},"end":{"line":119,"column":77}},"54":{"start":{"line":119,"column":6},"end":{"line":119,"column":77}},"55":{"start":{"line":121,"column":4},"end":{"line":121,"column":21}},"56":{"start":{"line":125,"column":0},"end":{"line":125,"column":24}}},"fnMap":{"0":{"name":"(anonymous_0)","decl":{"start":{"line":10,"column":36},"end":{"line":10,"column":37}},"loc":{"start":{"line":10,"column":56},"end":{"line":17,"column":1}},"line":10},"1":{"name":"(anonymous_1)","decl":{"start":{"line":19,"column":57},"end":{"line":19,"column":58}},"loc":{"start":{"line":19,"column":77},"end":{"line":29,"column":1}},"line":19},"2":{"name":"(anonymous_2)","decl":{"start":{"line":31,"column":28},"end":{"line":31,"column":29}},"loc":{"start":{"line":31,"column":48},"end":{"line":69,"column":1}},"line":31},"3":{"name":"(anonymous_3)","decl":{"start":{"line":44,"column":25},"end":{"line":44,"column":26}},"loc":{"start":{"line":44,"column":44},"end":{"line":52,"column":3}},"line":44},"4":{"name":"(anonymous_4)","decl":{"start":{"line":45,"column":27},"end":{"line":45,"column":28}},"loc":{"start":{"line":45,"column":44},"end":{"line":51,"column":5}},"line":45},"5":{"name":"(anonymous_5)","decl":{"start":{"line":71,"column":57},"end":{"line":71,"column":58}},"loc":{"start":{"line":71,"column":77},"end":{"line":110,"column":1}},"line":71},"6":{"name":"(anonymous_6)","decl":{"start":{"line":84,"column":25},"end":{"line":84,"column":26}},"loc":{"start":{"line":84,"column":44},"end":{"line":92,"column":3}},"line":84},"7":{"name":"(anonymous_7)","decl":{"start":{"line":85,"column":27},"end":{"line":85,"column":28}},"loc":{"start":{"line":85,"column":44},"end":{"line":91,"column":5}},"line":85},"8":{"name":"(anonymous_8)","decl":{"start":{"line":115,"column":2},"end":{"line":115,"column":3}},"loc":{"start":{"line":115,"column":22},"end":{"line":122,"column":3}},"line":115}},"branchMap":{"0":{"loc":{"start":{"line":23,"column":2},"end":{"line":26,"column":61}},"type":"if","locations":[{"start":{"line":23,"column":2},"end":{"line":26,"column":61}},{"start":{},"end":{}}],"line":23},"1":{"loc":{"start":{"line":33,"column":2},"end":{"line":34,"column":65}},"type":"if","locations":[{"start":{"line":33,"column":2},"end":{"line":34,"column":65}},{"start":{},"end":{}}],"line":33},"2":{"loc":{"start":{"line":40,"column":2},"end":{"line":41,"column":73}},"type":"if","locations":[{"start":{"line":40,"column":2},"end":{"line":41,"column":73}},{"start":{},"end":{}}],"line":40},"3":{"loc":{"start":{"line":47,"column":6},"end":{"line":50,"column":79}},"type":"if","locations":[{"start":{"line":47,"column":6},"end":{"line":50,"column":79}},{"start":{},"end":{}}],"line":47},"4":{"loc":{"start":{"line":73,"column":2},"end":{"line":74,"column":65}},"type":"if","locations":[{"start":{"line":73,"column":2},"end":{"line":74,"column":65}},{"start":{},"end":{}}],"line":73},"5":{"loc":{"start":{"line":80,"column":2},"end":{"line":81,"column":73}},"type":"if","locations":[{"start":{"line":80,"column":2},"end":{"line":81,"column":73}},{"start":{},"end":{}}],"line":80},"6":{"loc":{"start":{"line":87,"column":6},"end":{"line":90,"column":79}},"type":"if","locations":[{"start":{"line":87,"column":6},"end":{"line":90,"column":79}},{"start":{},"end":{}}],"line":87},"7":{"loc":{"start":{"line":106,"column":2},"end":{"line":107,"column":75}},"type":"if","locations":[{"start":{"line":106,"column":2},"end":{"line":107,"column":75}},{"start":{},"end":{}}],"line":106},"8":{"loc":{"start":{"line":118,"column":4},"end":{"line":119,"column":77}},"type":"if","locations":[{"start":{"line":118,"column":4},"end":{"line":119,"column":77}},{"start":{},"end":{}}],"line":118}},"s":{"0":2,"1":2,"2":2,"3":2,"4":2,"5":2,"6":2,"7":2,"8":2,"9":0,"10":0,"11":2,"12":0,"13":0,"14":0,"15":0,"16":2,"17":0,"18":0,"19":0,"20":0,"21":0,"22":0,"23":0,"24":0,"25":0,"26":0,"27":0,"28":0,"29":0,"30":0,"31":0,"32":0,"33":0,"34":2,"35":0,"36":0,"37":0,"38":0,"39":0,"40":0,"41":0,"42":0,"43":0,"44":0,"45":0,"46":0,"47":0,"48":0,"49":0,"50":0,"51":2,"52":0,"53":0,"54":0,"55":0,"56":2},"f":{"0":0,"1":0,"2":0,"3":0,"4":0,"5":0,"6":0,"7":0,"8":0},"b":{"0":[0,0],"1":[0,0],"2":[0,0],"3":[0,0],"4":[0,0],"5":[0,0],"6":[0,0],"7":[0,0],"8":[0,0]},"_coverageSchema":"1a1c01bbd47fc00a2c39e90264f33305004495a9","hash":"9f6dc7b7621ff9cf2ec30a3a25e8195d9886734e"}
,"/Users/andresmiranda/Documents/Workspace/AndresMirandaDev/repos/ToolMaster-backend/routes/toolGroups.js": {"path":"/Users/andresmiranda/Documents/Workspace/AndresMirandaDev/repos/ToolMaster-backend/routes/toolGroups.js","statementMap":{"0":{"start":{"line":1,"column":17},"end":{"line":1,"column":36}},"1":{"start":{"line":2,"column":16},"end":{"line":2,"column":34}},"2":{"start":{"line":3,"column":15},"end":{"line":3,"column":31}},"3":{"start":{"line":4,"column":32},"end":{"line":4,"column":62}},"4":{"start":{"line":5,"column":18},"end":{"line":5,"column":52}},"5":{"start":{"line":6,"column":14},"end":{"line":6,"column":44}},"6":{"start":{"line":7,"column":25},"end":{"line":7,"column":66}},"7":{"start":{"line":9,"column":0},"end":{"line":13,"column":3}},"8":{"start":{"line":10,"column":21},"end":{"line":10,"column":56}},"9":{"start":{"line":12,"column":2},"end":{"line":12,"column":23}},"10":{"start":{"line":15,"column":0},"end":{"line":22,"column":3}},"11":{"start":{"line":16,"column":20},"end":{"line":16,"column":59}},"12":{"start":{"line":18,"column":2},"end":{"line":19,"column":74}},"13":{"start":{"line":19,"column":4},"end":{"line":19,"column":74}},"14":{"start":{"line":21,"column":2},"end":{"line":21,"column":22}},"15":{"start":{"line":24,"column":0},"end":{"line":38,"column":3}},"16":{"start":{"line":25,"column":17},"end":{"line":25,"column":35}},"17":{"start":{"line":26,"column":2},"end":{"line":27,"column":65}},"18":{"start":{"line":27,"column":4},"end":{"line":27,"column":65}},"19":{"start":{"line":29,"column":32},"end":{"line":29,"column":40}},"20":{"start":{"line":30,"column":18},"end":{"line":33,"column":4}},"21":{"start":{"line":35,"column":2},"end":{"line":35,"column":37}},"22":{"start":{"line":37,"column":2},"end":{"line":37,"column":22}},"23":{"start":{"line":40,"column":0},"end":{"line":59,"column":3}},"24":{"start":{"line":41,"column":17},"end":{"line":41,"column":35}},"25":{"start":{"line":42,"column":2},"end":{"line":43,"column":65}},"26":{"start":{"line":43,"column":4},"end":{"line":43,"column":65}},"27":{"start":{"line":45,"column":32},"end":{"line":45,"column":40}},"28":{"start":{"line":46,"column":20},"end":{"line":53,"column":3}},"29":{"start":{"line":55,"column":2},"end":{"line":56,"column":74}},"30":{"start":{"line":56,"column":4},"end":{"line":56,"column":74}},"31":{"start":{"line":58,"column":2},"end":{"line":58,"column":22}},"32":{"start":{"line":61,"column":0},"end":{"line":72,"column":2}},"33":{"start":{"line":65,"column":22},"end":{"line":65,"column":70}},"34":{"start":{"line":67,"column":4},"end":{"line":68,"column":76}},"35":{"start":{"line":68,"column":6},"end":{"line":68,"column":76}},"36":{"start":{"line":70,"column":4},"end":{"line":70,"column":24}},"37":{"start":{"line":74,"column":0},"end":{"line":74,"column":24}}},"fnMap":{"0":{"name":"(anonymous_0)","decl":{"start":{"line":9,"column":16},"end":{"line":9,"column":17}},"loc":{"start":{"line":9,"column":36},"end":{"line":13,"column":1}},"line":9},"1":{"name":"(anonymous_1)","decl":{"start":{"line":15,"column":50},"end":{"line":15,"column":51}},"loc":{"start":{"line":15,"column":70},"end":{"line":22,"column":1}},"line":15},"2":{"name":"(anonymous_2)","decl":{"start":{"line":24,"column":37},"end":{"line":24,"column":38}},"loc":{"start":{"line":24,"column":57},"end":{"line":38,"column":1}},"line":24},"3":{"name":"(anonymous_3)","decl":{"start":{"line":40,"column":57},"end":{"line":40,"column":58}},"loc":{"start":{"line":40,"column":77},"end":{"line":59,"column":1}},"line":40},"4":{"name":"(anonymous_4)","decl":{"start":{"line":64,"column":2},"end":{"line":64,"column":3}},"loc":{"start":{"line":64,"column":22},"end":{"line":71,"column":3}},"line":64}},"branchMap":{"0":{"loc":{"start":{"line":18,"column":2},"end":{"line":19,"column":74}},"type":"if","locations":[{"start":{"line":18,"column":2},"end":{"line":19,"column":74}},{"start":{},"end":{}}],"line":18},"1":{"loc":{"start":{"line":26,"column":2},"end":{"line":27,"column":65}},"type":"if","locations":[{"start":{"line":26,"column":2},"end":{"line":27,"column":65}},{"start":{},"end":{}}],"line":26},"2":{"loc":{"start":{"line":42,"column":2},"end":{"line":43,"column":65}},"type":"if","locations":[{"start":{"line":42,"column":2},"end":{"line":43,"column":65}},{"start":{},"end":{}}],"line":42},"3":{"loc":{"start":{"line":55,"column":2},"end":{"line":56,"column":74}},"type":"if","locations":[{"start":{"line":55,"column":2},"end":{"line":56,"column":74}},{"start":{},"end":{}}],"line":55},"4":{"loc":{"start":{"line":67,"column":4},"end":{"line":68,"column":76}},"type":"if","locations":[{"start":{"line":67,"column":4},"end":{"line":68,"column":76}},{"start":{},"end":{}}],"line":67}},"s":{"0":2,"1":2,"2":2,"3":2,"4":2,"5":2,"6":2,"7":2,"8":0,"9":0,"10":2,"11":0,"12":0,"13":0,"14":0,"15":2,"16":1,"17":1,"18":0,"19":1,"20":1,"21":1,"22":1,"23":2,"24":0,"25":0,"26":0,"27":0,"28":0,"29":0,"30":0,"31":0,"32":2,"33":0,"34":0,"35":0,"36":0,"37":2},"f":{"0":0,"1":0,"2":1,"3":0,"4":0},"b":{"0":[0,0],"1":[0,1],"2":[0,0],"3":[0,0],"4":[0,0]},"_coverageSchema":"1a1c01bbd47fc00a2c39e90264f33305004495a9","hash":"90b374caadb21ea12a2feea705cb82490b3847b2"}
,"/Users/andresmiranda/Documents/Workspace/AndresMirandaDev/repos/ToolMaster-backend/routes/tools.js": {"path":"/Users/andresmiranda/Documents/Workspace/AndresMirandaDev/repos/ToolMaster-backend/routes/tools.js","statementMap":{"0":{"start":{"line":1,"column":16},"end":{"line":1,"column":34}},"1":{"start":{"line":2,"column":15},"end":{"line":2,"column":31}},"2":{"start":{"line":3,"column":17},"end":{"line":3,"column":36}},"3":{"start":{"line":4,"column":18},"end":{"line":4,"column":52}},"4":{"start":{"line":5,"column":14},"end":{"line":5,"column":44}},"5":{"start":{"line":6,"column":27},"end":{"line":6,"column":52}},"6":{"start":{"line":7,"column":25},"end":{"line":7,"column":66}},"7":{"start":{"line":9,"column":0},"end":{"line":15,"column":3}},"8":{"start":{"line":10,"column":16},"end":{"line":13,"column":50}},"9":{"start":{"line":14,"column":2},"end":{"line":14,"column":18}},"10":{"start":{"line":17,"column":0},"end":{"line":26,"column":3}},"11":{"start":{"line":18,"column":15},"end":{"line":20,"column":46}},"12":{"start":{"line":22,"column":2},"end":{"line":23,"column":73}},"13":{"start":{"line":23,"column":4},"end":{"line":23,"column":73}},"14":{"start":{"line":25,"column":2},"end":{"line":25,"column":17}},"15":{"start":{"line":28,"column":0},"end":{"line":44,"column":3}},"16":{"start":{"line":29,"column":17},"end":{"line":29,"column":35}},"17":{"start":{"line":30,"column":2},"end":{"line":31,"column":65}},"18":{"start":{"line":31,"column":4},"end":{"line":31,"column":65}},"19":{"start":{"line":33,"column":52},"end":{"line":33,"column":60}},"20":{"start":{"line":34,"column":13},"end":{"line":39,"column":4}},"21":{"start":{"line":41,"column":2},"end":{"line":41,"column":27}},"22":{"start":{"line":43,"column":2},"end":{"line":43,"column":17}},"23":{"start":{"line":46,"column":0},"end":{"line":68,"column":3}},"24":{"start":{"line":47,"column":17},"end":{"line":47,"column":35}},"25":{"start":{"line":49,"column":2},"end":{"line":50,"column":65}},"26":{"start":{"line":50,"column":4},"end":{"line":50,"column":65}},"27":{"start":{"line":52,"column":52},"end":{"line":52,"column":60}},"28":{"start":{"line":54,"column":15},"end":{"line":65,"column":54}},"29":{"start":{"line":67,"column":2},"end":{"line":67,"column":17}},"30":{"start":{"line":70,"column":0},"end":{"line":81,"column":2}},"31":{"start":{"line":74,"column":4},"end":{"line":74,"column":31}},"32":{"start":{"line":75,"column":17},"end":{"line":75,"column":60}},"33":{"start":{"line":77,"column":4},"end":{"line":78,"column":75}},"34":{"start":{"line":78,"column":6},"end":{"line":78,"column":75}},"35":{"start":{"line":79,"column":4},"end":{"line":79,"column":19}},"36":{"start":{"line":83,"column":0},"end":{"line":83,"column":24}}},"fnMap":{"0":{"name":"(anonymous_0)","decl":{"start":{"line":9,"column":16},"end":{"line":9,"column":17}},"loc":{"start":{"line":9,"column":36},"end":{"line":15,"column":1}},"line":9},"1":{"name":"(anonymous_1)","decl":{"start":{"line":17,"column":50},"end":{"line":17,"column":51}},"loc":{"start":{"line":17,"column":70},"end":{"line":26,"column":1}},"line":17},"2":{"name":"(anonymous_2)","decl":{"start":{"line":28,"column":28},"end":{"line":28,"column":29}},"loc":{"start":{"line":28,"column":48},"end":{"line":44,"column":1}},"line":28},"3":{"name":"(anonymous_3)","decl":{"start":{"line":46,"column":50},"end":{"line":46,"column":51}},"loc":{"start":{"line":46,"column":70},"end":{"line":68,"column":1}},"line":46},"4":{"name":"(anonymous_4)","decl":{"start":{"line":73,"column":2},"end":{"line":73,"column":3}},"loc":{"start":{"line":73,"column":22},"end":{"line":80,"column":3}},"line":73}},"branchMap":{"0":{"loc":{"start":{"line":22,"column":2},"end":{"line":23,"column":73}},"type":"if","locations":[{"start":{"line":22,"column":2},"end":{"line":23,"column":73}},{"start":{},"end":{}}],"line":22},"1":{"loc":{"start":{"line":30,"column":2},"end":{"line":31,"column":65}},"type":"if","locations":[{"start":{"line":30,"column":2},"end":{"line":31,"column":65}},{"start":{},"end":{}}],"line":30},"2":{"loc":{"start":{"line":49,"column":2},"end":{"line":50,"column":65}},"type":"if","locations":[{"start":{"line":49,"column":2},"end":{"line":50,"column":65}},{"start":{},"end":{}}],"line":49},"3":{"loc":{"start":{"line":77,"column":4},"end":{"line":78,"column":75}},"type":"if","locations":[{"start":{"line":77,"column":4},"end":{"line":78,"column":75}},{"start":{},"end":{}}],"line":77}},"s":{"0":2,"1":2,"2":2,"3":2,"4":2,"5":2,"6":2,"7":2,"8":0,"9":0,"10":2,"11":0,"12":0,"13":0,"14":0,"15":2,"16":0,"17":0,"18":0,"19":0,"20":0,"21":0,"22":0,"23":2,"24":0,"25":0,"26":0,"27":0,"28":0,"29":0,"30":2,"31":0,"32":0,"33":0,"34":0,"35":0,"36":2},"f":{"0":0,"1":0,"2":0,"3":0,"4":0},"b":{"0":[0,0],"1":[0,0],"2":[0,0],"3":[0,0]},"_coverageSchema":"1a1c01bbd47fc00a2c39e90264f33305004495a9","hash":"b421e04f426af70dcfaf9f205ff3e22c39f61a7e"}
,"/Users/andresmiranda/Documents/Workspace/AndresMirandaDev/repos/ToolMaster-backend/routes/users.js": {"path":"/Users/andresmiranda/Documents/Workspace/AndresMirandaDev/repos/ToolMaster-backend/routes/users.js","statementMap":{"0":{"start":{"line":1,"column":18},"end":{"line":1,"column":52}},"1":{"start":{"line":2,"column":17},"end":{"line":2,"column":36}},"2":{"start":{"line":3,"column":15},"end":{"line":3,"column":32}},"3":{"start":{"line":4,"column":16},"end":{"line":4,"column":34}},"4":{"start":{"line":5,"column":15},"end":{"line":5,"column":31}},"5":{"start":{"line":6,"column":10},"end":{"line":6,"column":27}},"6":{"start":{"line":7,"column":27},"end":{"line":7,"column":52}},"7":{"start":{"line":8,"column":14},"end":{"line":8,"column":44}},"8":{"start":{"line":10,"column":0},"end":{"line":13,"column":3}},"9":{"start":{"line":11,"column":15},"end":{"line":11,"column":68}},"10":{"start":{"line":12,"column":2},"end":{"line":12,"column":17}},"11":{"start":{"line":15,"column":0},"end":{"line":36,"column":3}},"12":{"start":{"line":17,"column":17},"end":{"line":17,"column":35}},"13":{"start":{"line":18,"column":2},"end":{"line":19,"column":65}},"14":{"start":{"line":19,"column":4},"end":{"line":19,"column":65}},"15":{"start":{"line":21,"column":13},"end":{"line":21,"column":58}},"16":{"start":{"line":22,"column":2},"end":{"line":23,"column":73}},"17":{"start":{"line":23,"column":4},"end":{"line":23,"column":73}},"18":{"start":{"line":25,"column":2},"end":{"line":25,"column":76}},"19":{"start":{"line":27,"column":15},"end":{"line":27,"column":39}},"20":{"start":{"line":28,"column":2},"end":{"line":28,"column":57}},"21":{"start":{"line":30,"column":2},"end":{"line":30,"column":20}},"22":{"start":{"line":32,"column":16},"end":{"line":32,"column":40}},"23":{"start":{"line":33,"column":2},"end":{"line":35,"column":59}},"24":{"start":{"line":38,"column":0},"end":{"line":60,"column":3}},"25":{"start":{"line":39,"column":17},"end":{"line":39,"column":35}},"26":{"start":{"line":40,"column":2},"end":{"line":41,"column":65}},"27":{"start":{"line":41,"column":4},"end":{"line":41,"column":65}},"28":{"start":{"line":43,"column":50},"end":{"line":43,"column":58}},"29":{"start":{"line":45,"column":13},"end":{"line":45,"column":47}},"30":{"start":{"line":46,"column":2},"end":{"line":47,"column":73}},"31":{"start":{"line":47,"column":4},"end":{"line":47,"column":73}},"32":{"start":{"line":49,"column":15},"end":{"line":49,"column":39}},"33":{"start":{"line":50,"column":2},"end":{"line":50,"column":47}},"34":{"start":{"line":52,"column":2},"end":{"line":52,"column":19}},"35":{"start":{"line":53,"column":2},"end":{"line":57,"column":22}},"36":{"start":{"line":59,"column":2},"end":{"line":59,"column":17}},"37":{"start":{"line":62,"column":0},"end":{"line":69,"column":3}},"38":{"start":{"line":63,"column":15},"end":{"line":63,"column":58}},"39":{"start":{"line":65,"column":2},"end":{"line":66,"column":73}},"40":{"start":{"line":66,"column":4},"end":{"line":66,"column":73}},"41":{"start":{"line":68,"column":2},"end":{"line":68,"column":17}},"42":{"start":{"line":70,"column":0},"end":{"line":70,"column":24}}},"fnMap":{"0":{"name":"(anonymous_0)","decl":{"start":{"line":10,"column":29},"end":{"line":10,"column":30}},"loc":{"start":{"line":10,"column":49},"end":{"line":13,"column":1}},"line":10},"1":{"name":"(anonymous_1)","decl":{"start":{"line":15,"column":37},"end":{"line":15,"column":38}},"loc":{"start":{"line":15,"column":57},"end":{"line":36,"column":1}},"line":15},"2":{"name":"(anonymous_2)","decl":{"start":{"line":38,"column":39},"end":{"line":38,"column":40}},"loc":{"start":{"line":38,"column":59},"end":{"line":60,"column":1}},"line":38},"3":{"name":"(anonymous_3)","decl":{"start":{"line":62,"column":42},"end":{"line":62,"column":43}},"loc":{"start":{"line":62,"column":62},"end":{"line":69,"column":1}},"line":62}},"branchMap":{"0":{"loc":{"start":{"line":18,"column":2},"end":{"line":19,"column":65}},"type":"if","locations":[{"start":{"line":18,"column":2},"end":{"line":19,"column":65}},{"start":{},"end":{}}],"line":18},"1":{"loc":{"start":{"line":22,"column":2},"end":{"line":23,"column":73}},"type":"if","locations":[{"start":{"line":22,"column":2},"end":{"line":23,"column":73}},{"start":{},"end":{}}],"line":22},"2":{"loc":{"start":{"line":40,"column":2},"end":{"line":41,"column":65}},"type":"if","locations":[{"start":{"line":40,"column":2},"end":{"line":41,"column":65}},{"start":{},"end":{}}],"line":40},"3":{"loc":{"start":{"line":46,"column":2},"end":{"line":47,"column":73}},"type":"if","locations":[{"start":{"line":46,"column":2},"end":{"line":47,"column":73}},{"start":{},"end":{}}],"line":46},"4":{"loc":{"start":{"line":65,"column":2},"end":{"line":66,"column":73}},"type":"if","locations":[{"start":{"line":65,"column":2},"end":{"line":66,"column":73}},{"start":{},"end":{}}],"line":65}},"s":{"0":2,"1":2,"2":2,"3":2,"4":2,"5":2,"6":2,"7":2,"8":2,"9":0,"10":0,"11":2,"12":0,"13":0,"14":0,"15":0,"16":0,"17":0,"18":0,"19":0,"20":0,"21":0,"22":0,"23":0,"24":2,"25":0,"26":0,"27":0,"28":0,"29":0,"30":0,"31":0,"32":0,"33":0,"34":0,"35":0,"36":0,"37":2,"38":0,"39":0,"40":0,"41":0,"42":2},"f":{"0":0,"1":0,"2":0,"3":0},"b":{"0":[0,0],"1":[0,0],"2":[0,0],"3":[0,0],"4":[0,0]},"_coverageSchema":"1a1c01bbd47fc00a2c39e90264f33305004495a9","hash":"c586b331736e7af375b04ea655426e5eee83685a"}
,"/Users/andresmiranda/Documents/Workspace/AndresMirandaDev/repos/ToolMaster-backend/startup/config.js": {"path":"/Users/andresmiranda/Documents/Workspace/AndresMirandaDev/repos/ToolMaster-backend/startup/config.js","statementMap":{"0":{"start":{"line":1,"column":15},"end":{"line":1,"column":32}},"1":{"start":{"line":2,"column":16},"end":{"line":2,"column":34}},"2":{"start":{"line":4,"column":0},"end":{"line":7,"column":2}},"3":{"start":{"line":5,"column":2},"end":{"line":6,"column":65}},"4":{"start":{"line":6,"column":4},"end":{"line":6,"column":65}}},"fnMap":{"0":{"name":"(anonymous_0)","decl":{"start":{"line":4,"column":17},"end":{"line":4,"column":18}},"loc":{"start":{"line":4,"column":29},"end":{"line":7,"column":1}},"line":4}},"branchMap":{"0":{"loc":{"start":{"line":5,"column":2},"end":{"line":6,"column":65}},"type":"if","locations":[{"start":{"line":5,"column":2},"end":{"line":6,"column":65}},{"start":{},"end":{}}],"line":5}},"s":{"0":2,"1":2,"2":2,"3":2,"4":0},"f":{"0":2},"b":{"0":[0,2]},"_coverageSchema":"1a1c01bbd47fc00a2c39e90264f33305004495a9","hash":"955c5dc498eeba4aba9de33e5f3eac6819cd4b1c"}
,"/Users/andresmiranda/Documents/Workspace/AndresMirandaDev/repos/ToolMaster-backend/startup/db.js": {"path":"/Users/andresmiranda/Documents/Workspace/AndresMirandaDev/repos/ToolMaster-backend/startup/db.js","statementMap":{"0":{"start":{"line":1,"column":17},"end":{"line":1,"column":36}},"1":{"start":{"line":2,"column":16},"end":{"line":2,"column":34}},"2":{"start":{"line":3,"column":15},"end":{"line":3,"column":32}},"3":{"start":{"line":5,"column":0},"end":{"line":16,"column":2}},"4":{"start":{"line":6,"column":13},"end":{"line":6,"column":29}},"5":{"start":{"line":8,"column":2},"end":{"line":15,"column":7}},"6":{"start":{"line":14,"column":6},"end":{"line":14,"column":44}}},"fnMap":{"0":{"name":"(anonymous_0)","decl":{"start":{"line":5,"column":17},"end":{"line":5,"column":18}},"loc":{"start":{"line":5,"column":29},"end":{"line":16,"column":1}},"line":5},"1":{"name":"(anonymous_1)","decl":{"start":{"line":13,"column":10},"end":{"line":13,"column":11}},"loc":{"start":{"line":13,"column":16},"end":{"line":15,"column":5}},"line":13}},"branchMap":{},"s":{"0":2,"1":2,"2":2,"3":2,"4":2,"5":2,"6":2},"f":{"0":2,"1":2},"b":{},"_coverageSchema":"1a1c01bbd47fc00a2c39e90264f33305004495a9","hash":"f70b28149be503e917e3e9997189fe42ecb75e7b"}
,"/Users/andresmiranda/Documents/Workspace/AndresMirandaDev/repos/ToolMaster-backend/startup/logging.js": {"path":"/Users/andresmiranda/Documents/Workspace/AndresMirandaDev/repos/ToolMaster-backend/startup/logging.js","statementMap":{"0":{"start":{"line":1,"column":15},"end":{"line":1,"column":32}},"1":{"start":{"line":2,"column":16},"end":{"line":2,"column":34}},"2":{"start":{"line":3,"column":0},"end":{"line":3,"column":27}},"3":{"start":{"line":4,"column":0},"end":{"line":4,"column":32}},"4":{"start":{"line":6,"column":0},"end":{"line":41,"column":2}},"5":{"start":{"line":8,"column":2},"end":{"line":10,"column":4}},"6":{"start":{"line":12,"column":2},"end":{"line":14,"column":5}},"7":{"start":{"line":13,"column":4},"end":{"line":13,"column":13}},"8":{"start":{"line":16,"column":2},"end":{"line":16,"column":72}},"9":{"start":{"line":19,"column":13},"end":{"line":19,"column":29}},"10":{"start":{"line":20,"column":2},"end":{"line":25,"column":4}},"11":{"start":{"line":28,"column":2},"end":{"line":40,"column":4}},"12":{"start":{"line":33,"column":10},"end":{"line":33,"column":22}}},"fnMap":{"0":{"name":"(anonymous_0)","decl":{"start":{"line":6,"column":17},"end":{"line":6,"column":18}},"loc":{"start":{"line":6,"column":29},"end":{"line":41,"column":1}},"line":6},"1":{"name":"(anonymous_1)","decl":{"start":{"line":12,"column":35},"end":{"line":12,"column":36}},"loc":{"start":{"line":12,"column":43},"end":{"line":14,"column":3}},"line":12},"2":{"name":"(anonymous_2)","decl":{"start":{"line":32,"column":30},"end":{"line":32,"column":31}},"loc":{"start":{"line":32,"column":39},"end":{"line":34,"column":9}},"line":32}},"branchMap":{},"s":{"0":2,"1":2,"2":2,"3":2,"4":2,"5":2,"6":2,"7":0,"8":2,"9":2,"10":2,"11":2,"12":4},"f":{"0":2,"1":0,"2":4},"b":{},"_coverageSchema":"1a1c01bbd47fc00a2c39e90264f33305004495a9","hash":"4bebb8ec02508375634d67035bcd871bb7b639d4"}
,"/Users/andresmiranda/Documents/Workspace/AndresMirandaDev/repos/ToolMaster-backend/startup/routes.js": {"path":"/Users/andresmiranda/Documents/Workspace/AndresMirandaDev/repos/ToolMaster-backend/startup/routes.js","statementMap":{"0":{"start":{"line":1,"column":16},"end":{"line":1,"column":34}},"1":{"start":{"line":2,"column":15},"end":{"line":2,"column":32}},"2":{"start":{"line":4,"column":13},"end":{"line":4,"column":38}},"3":{"start":{"line":5,"column":14},"end":{"line":5,"column":40}},"4":{"start":{"line":6,"column":14},"end":{"line":6,"column":40}},"5":{"start":{"line":7,"column":13},"end":{"line":7,"column":38}},"6":{"start":{"line":8,"column":17},"end":{"line":8,"column":46}},"7":{"start":{"line":9,"column":19},"end":{"line":9,"column":50}},"8":{"start":{"line":10,"column":22},"end":{"line":10,"column":56}},"9":{"start":{"line":11,"column":14},"end":{"line":11,"column":44}},"10":{"start":{"line":13,"column":0},"end":{"line":26,"column":2}},"11":{"start":{"line":14,"column":2},"end":{"line":14,"column":26}},"12":{"start":{"line":15,"column":2},"end":{"line":15,"column":21}},"13":{"start":{"line":16,"column":2},"end":{"line":16,"column":31}},"14":{"start":{"line":17,"column":2},"end":{"line":17,"column":31}},"15":{"start":{"line":18,"column":2},"end":{"line":18,"column":29}},"16":{"start":{"line":19,"column":2},"end":{"line":19,"column":37}},"17":{"start":{"line":20,"column":2},"end":{"line":20,"column":41}},"18":{"start":{"line":21,"column":2},"end":{"line":21,"column":47}},"19":{"start":{"line":23,"column":2},"end":{"line":23,"column":25}},"20":{"start":{"line":25,"column":2},"end":{"line":25,"column":17}}},"fnMap":{"0":{"name":"(anonymous_0)","decl":{"start":{"line":13,"column":17},"end":{"line":13,"column":18}},"loc":{"start":{"line":13,"column":32},"end":{"line":26,"column":1}},"line":13}},"branchMap":{},"s":{"0":2,"1":2,"2":2,"3":2,"4":2,"5":2,"6":2,"7":2,"8":2,"9":2,"10":2,"11":2,"12":2,"13":2,"14":2,"15":2,"16":2,"17":2,"18":2,"19":2,"20":2},"f":{"0":2},"b":{},"_coverageSchema":"1a1c01bbd47fc00a2c39e90264f33305004495a9","hash":"ecb9ebc4e984e6d52ee29ca2e71287bac5e125a7"}
,"/Users/andresmiranda/Documents/Workspace/AndresMirandaDev/repos/ToolMaster-backend/startup/validation.js": {"path":"/Users/andresmiranda/Documents/Workspace/AndresMirandaDev/repos/ToolMaster-backend/startup/validation.js","statementMap":{"0":{"start":{"line":1,"column":12},"end":{"line":1,"column":26}},"1":{"start":{"line":3,"column":0},"end":{"line":5,"column":2}},"2":{"start":{"line":4,"column":2},"end":{"line":4,"column":46}}},"fnMap":{"0":{"name":"(anonymous_0)","decl":{"start":{"line":3,"column":17},"end":{"line":3,"column":18}},"loc":{"start":{"line":3,"column":29},"end":{"line":5,"column":1}},"line":3}},"branchMap":{},"s":{"0":2,"1":2,"2":2},"f":{"0":2},"b":{},"_coverageSchema":"1a1c01bbd47fc00a2c39e90264f33305004495a9","hash":"0ab6eaff62d6bbcdf258790e59fa32aed743a2fa"}
}
