TN:
SF:index.js
FN:15,(anonymous_0)
FNF:1
FNH:1
FNDA:2,(anonymous_0)
DA:1,2
DA:2,2
DA:3,2
DA:5,2
DA:7,2
DA:8,2
DA:9,2
DA:10,2
DA:11,2
DA:13,2
DA:15,2
DA:16,2
DA:19,2
LF:13
LH:13
BRDA:13,0,0,2
BRDA:13,0,1,2
BRF:2
BRH:2
end_of_record
TN:
SF:middleware/admin.js
FN:1,(anonymous_0)
FNF:1
FNH:1
FNDA:3,(anonymous_0)
DA:1,2
DA:2,3
DA:4,2
LF:3
LH:3
BRDA:2,0,0,1
BRDA:2,0,1,2
BRF:2
BRH:2
end_of_record
TN:
SF:middleware/authorize.js
FN:4,authorize
FNF:1
FNH:1
FNDA:13,authorize
DA:1,2
DA:2,2
DA:5,13
DA:6,13
DA:8,9
DA:9,9
DA:10,7
DA:11,7
DA:13,2
DA:17,2
LF:10
LH:10
BRDA:6,0,0,4
BRDA:6,0,1,9
BRF:2
BRH:2
end_of_record
TN:
SF:middleware/error.js
FN:3,(anonymous_0)
FNF:1
FNH:0
FNDA:0,(anonymous_0)
DA:1,2
DA:3,2
DA:4,0
DA:6,0
LF:4
LH:2
BRF:0
BRH:0
end_of_record
TN:
SF:middleware/validateObjectId.js
FN:3,(anonymous_0)
FNF:1
FNH:1
FNDA:3,(anonymous_0)
DA:1,2
DA:3,2
DA:4,3
DA:5,1
DA:7,2
LF:5
LH:5
BRDA:4,0,0,1
BRDA:4,0,1,2
BRF:2
BRH:2
end_of_record
TN:
SF:models/project.js
FN:42,validateProject
FNF:1
FNH:1
FNDA:1,validateProject
DA:1,2
DA:2,2
DA:4,2
DA:40,2
DA:43,1
DA:53,1
DA:56,2
DA:57,2
LF:8
LH:8
BRF:0
BRH:0
end_of_record
TN:
SF:models/salaryReport.js
FN:41,validateSalaryReport
FNF:1
FNH:0
FNDA:0,validateSalaryReport
DA:1,2
DA:2,2
DA:4,2
DA:39,2
DA:42,0
DA:57,0
DA:60,2
DA:61,2
LF:8
LH:6
BRF:0
BRH:0
end_of_record
TN:
SF:models/tool.js
FN:34,validateTool
FNF:1
FNH:0
FNDA:0,validateTool
DA:1,2
DA:2,2
DA:4,2
DA:30,2
DA:35,0
DA:42,0
DA:45,2
DA:46,2
LF:8
LH:6
BRF:0
BRH:0
end_of_record
TN:
SF:models/toolGroup.js
FN:21,validateToolGroup
FNF:1
FNH:1
FNDA:1,validateToolGroup
DA:1,2
DA:2,2
DA:4,2
DA:19,2
DA:22,1
DA:26,1
DA:29,2
DA:30,2
LF:8
LH:8
BRF:0
BRH:0
end_of_record
TN:
SF:models/user.js
FN:37,(anonymous_0)
FN:47,validateUser
FNF:2
FNH:1
FNDA:14,(anonymous_0)
FNDA:0,validateUser
DA:1,2
DA:2,2
DA:3,2
DA:4,2
DA:6,2
DA:37,2
DA:38,14
DA:42,14
DA:45,2
DA:48,0
DA:56,0
DA:59,2
DA:60,2
LF:13
LH:11
BRF:0
BRH:0
end_of_record
TN:
SF:routes/auth.js
FN:12,(anonymous_0)
FN:28,validate
FNF:2
FNH:0
FNDA:0,(anonymous_0)
FNDA:0,validate
DA:2,2
DA:3,2
DA:4,2
DA:5,2
DA:6,2
DA:7,2
DA:8,2
DA:9,2
DA:10,2
DA:12,2
DA:13,0
DA:14,0
DA:15,0
DA:17,0
DA:18,0
DA:20,0
DA:21,0
DA:23,0
DA:25,0
DA:29,0
DA:33,0
DA:36,2
LF:22
LH:11
BRDA:14,0,0,0
BRDA:14,0,1,0
BRDA:18,1,0,0
BRDA:18,1,1,0
BRDA:21,2,0,0
BRDA:21,2,1,0
BRF:6
BRH:0
end_of_record
TN:
SF:routes/home.js
FN:4,(anonymous_0)
FNF:1
FNH:0
FNDA:0,(anonymous_0)
DA:1,2
DA:2,2
DA:4,2
DA:5,0
DA:8,2
LF:5
LH:4
BRF:0
BRH:0
end_of_record
TN:
SF:routes/projects.js
FN:9,(anonymous_0)
FN:17,(anonymous_1)
FN:28,(anonymous_2)
FN:50,(anonymous_3)
FN:81,(anonymous_4)
FNF:5
FNH:3
FNDA:1,(anonymous_0)
FNDA:2,(anonymous_1)
FNDA:1,(anonymous_2)
FNDA:0,(anonymous_3)
FNDA:0,(anonymous_4)
DA:1,2
DA:2,2
DA:3,2
DA:4,2
DA:5,2
DA:6,2
DA:7,2
DA:9,2
DA:10,1
DA:14,1
DA:17,2
DA:18,2
DA:23,2
DA:24,1
DA:25,1
DA:28,2
DA:29,1
DA:30,1
DA:31,1
DA:34,0
DA:36,0
DA:45,0
DA:47,0
DA:50,2
DA:51,0
DA:53,0
DA:54,0
DA:57,0
DA:59,0
DA:72,0
DA:73,0
DA:75,0
DA:78,2
DA:82,0
DA:84,0
DA:85,0
DA:87,0
DA:91,2
LF:38
LH:22
BRDA:23,0,0,1
BRDA:23,0,1,1
BRDA:30,1,0,1
BRDA:30,1,1,0
BRDA:53,2,0,0
BRDA:53,2,1,0
BRDA:72,3,0,0
BRDA:72,3,1,0
BRDA:84,4,0,0
BRDA:84,4,1,0
BRF:10
BRH:3
end_of_record
TN:
SF:routes/salaryReports.js
FN:10,(anonymous_0)
FN:19,(anonymous_1)
FN:31,(anonymous_2)
FN:44,(anonymous_3)
FN:45,(anonymous_4)
FN:71,(anonymous_5)
FN:84,(anonymous_6)
FN:85,(anonymous_7)
FN:115,(anonymous_8)
FNF:9
FNH:0
FNDA:0,(anonymous_0)
FNDA:0,(anonymous_1)
FNDA:0,(anonymous_2)
FNDA:0,(anonymous_3)
FNDA:0,(anonymous_4)
FNDA:0,(anonymous_5)
FNDA:0,(anonymous_6)
FNDA:0,(anonymous_7)
FNDA:0,(anonymous_8)
DA:1,2
DA:2,2
DA:3,2
DA:4,2
DA:5,2
DA:6,2
DA:7,2
DA:8,2
DA:10,2
DA:11,0
DA:16,0
DA:19,2
DA:20,0
DA:23,0
DA:24,0
DA:28,0
DA:31,2
DA:32,0
DA:33,0
DA:34,0
DA:36,0
DA:39,0
DA:40,0
DA:41,0
DA:44,0
DA:45,0
DA:46,0
DA:47,0
DA:48,0
DA:54,0
DA:60,0
DA:62,0
DA:63,0
DA:68,0
DA:71,2
DA:72,0
DA:73,0
DA:74,0
DA:76,0
DA:79,0
DA:80,0
DA:81,0
DA:84,0
DA:85,0
DA:86,0
DA:87,0
DA:88,0
DA:94,0
DA:106,0
DA:107,0
DA:109,0
DA:112,2
DA:116,0
DA:118,0
DA:119,0
DA:121,0
DA:125,2
LF:57
LH:14
BRDA:23,0,0,0
BRDA:23,0,1,0
BRDA:33,1,0,0
BRDA:33,1,1,0
BRDA:40,2,0,0
BRDA:40,2,1,0
BRDA:47,3,0,0
BRDA:47,3,1,0
BRDA:73,4,0,0
BRDA:73,4,1,0
BRDA:80,5,0,0
BRDA:80,5,1,0
BRDA:87,6,0,0
BRDA:87,6,1,0
BRDA:106,7,0,0
BRDA:106,7,1,0
BRDA:118,8,0,0
BRDA:118,8,1,0
BRF:18
BRH:0
end_of_record
TN:
SF:routes/toolGroups.js
FN:9,(anonymous_0)
FN:15,(anonymous_1)
FN:24,(anonymous_2)
FN:40,(anonymous_3)
FN:64,(anonymous_4)
FNF:5
FNH:1
FNDA:0,(anonymous_0)
FNDA:0,(anonymous_1)
FNDA:1,(anonymous_2)
FNDA:0,(anonymous_3)
FNDA:0,(anonymous_4)
DA:1,2
DA:2,2
DA:3,2
DA:4,2
DA:5,2
DA:6,2
DA:7,2
DA:9,2
DA:10,0
DA:12,0
DA:15,2
DA:16,0
DA:18,0
DA:19,0
DA:21,0
DA:24,2
DA:25,1
DA:26,1
DA:27,0
DA:29,1
DA:30,1
DA:35,1
DA:37,1
DA:40,2
DA:41,0
DA:42,0
DA:43,0
DA:45,0
DA:46,0
DA:55,0
DA:56,0
DA:58,0
DA:61,2
DA:65,0
DA:67,0
DA:68,0
DA:70,0
DA:74,2
LF:38
LH:19
BRDA:18,0,0,0
BRDA:18,0,1,0
BRDA:26,1,0,0
BRDA:26,1,1,1
BRDA:42,2,0,0
BRDA:42,2,1,0
BRDA:55,3,0,0
BRDA:55,3,1,0
BRDA:67,4,0,0
BRDA:67,4,1,0
BRF:10
BRH:1
end_of_record
TN:
SF:routes/tools.js
FN:9,(anonymous_0)
FN:17,(anonymous_1)
FN:28,(anonymous_2)
FN:46,(anonymous_3)
FN:73,(anonymous_4)
FNF:5
FNH:0
FNDA:0,(anonymous_0)
FNDA:0,(anonymous_1)
FNDA:0,(anonymous_2)
FNDA:0,(anonymous_3)
FNDA:0,(anonymous_4)
DA:1,2
DA:2,2
DA:3,2
DA:4,2
DA:5,2
DA:6,2
DA:7,2
DA:9,2
DA:10,0
DA:14,0
DA:17,2
DA:18,0
DA:22,0
DA:23,0
DA:25,0
DA:28,2
DA:29,0
DA:30,0
DA:31,0
DA:33,0
DA:34,0
DA:41,0
DA:43,0
DA:46,2
DA:47,0
DA:49,0
DA:50,0
DA:52,0
DA:54,0
DA:67,0
DA:70,2
DA:74,0
DA:75,0
DA:77,0
DA:78,0
DA:79,0
DA:83,2
LF:37
LH:13
BRDA:22,0,0,0
BRDA:22,0,1,0
BRDA:30,1,0,0
BRDA:30,1,1,0
BRDA:49,2,0,0
BRDA:49,2,1,0
BRDA:77,3,0,0
BRDA:77,3,1,0
BRF:8
BRH:0
end_of_record
TN:
SF:routes/users.js
FN:10,(anonymous_0)
FN:15,(anonymous_1)
FN:38,(anonymous_2)
FN:62,(anonymous_3)
FNF:4
FNH:0
FNDA:0,(anonymous_0)
FNDA:0,(anonymous_1)
FNDA:0,(anonymous_2)
FNDA:0,(anonymous_3)
DA:1,2
DA:2,2
DA:3,2
DA:4,2
DA:5,2
DA:6,2
DA:7,2
DA:8,2
DA:10,2
DA:11,0
DA:12,0
DA:15,2
DA:17,0
DA:18,0
DA:19,0
DA:21,0
DA:22,0
DA:23,0
DA:25,0
DA:27,0
DA:28,0
DA:30,0
DA:32,0
DA:33,0
DA:38,2
DA:39,0
DA:40,0
DA:41,0
DA:43,0
DA:45,0
DA:46,0
DA:47,0
DA:49,0
DA:50,0
DA:52,0
DA:53,0
DA:59,0
DA:62,2
DA:63,0
DA:65,0
DA:66,0
DA:68,0
DA:70,2
LF:43
LH:13
BRDA:18,0,0,0
BRDA:18,0,1,0
BRDA:22,1,0,0
BRDA:22,1,1,0
BRDA:40,2,0,0
BRDA:40,2,1,0
BRDA:46,3,0,0
BRDA:46,3,1,0
BRDA:65,4,0,0
BRDA:65,4,1,0
BRF:10
BRH:0
end_of_record
TN:
SF:startup/config.js
FN:4,(anonymous_0)
FNF:1
FNH:1
FNDA:2,(anonymous_0)
DA:1,2
DA:2,2
DA:4,2
DA:5,2
DA:6,0
LF:5
LH:4
BRDA:5,0,0,0
BRDA:5,0,1,2
BRF:2
BRH:1
end_of_record
TN:
SF:startup/db.js
FN:5,(anonymous_0)
FN:13,(anonymous_1)
FNF:2
FNH:2
FNDA:2,(anonymous_0)
FNDA:2,(anonymous_1)
DA:1,2
DA:2,2
DA:3,2
DA:5,2
DA:6,2
DA:8,2
DA:14,2
LF:7
LH:7
BRF:0
BRH:0
end_of_record
TN:
SF:startup/logging.js
FN:6,(anonymous_0)
FN:12,(anonymous_1)
FN:32,(anonymous_2)
FNF:3
FNH:2
FNDA:2,(anonymous_0)
FNDA:0,(anonymous_1)
FNDA:4,(anonymous_2)
DA:1,2
DA:2,2
DA:3,2
DA:4,2
DA:6,2
DA:8,2
DA:12,2
DA:13,0
DA:16,2
DA:19,2
DA:20,2
DA:28,2
DA:33,4
LF:13
LH:12
BRF:0
BRH:0
end_of_record
TN:
SF:startup/routes.js
FN:13,(anonymous_0)
FNF:1
FNH:1
FNDA:2,(anonymous_0)
DA:1,2
DA:2,2
DA:4,2
DA:5,2
DA:6,2
DA:7,2
DA:8,2
DA:9,2
DA:10,2
DA:11,2
DA:13,2
DA:14,2
DA:15,2
DA:16,2
DA:17,2
DA:18,2
DA:19,2
DA:20,2
DA:21,2
DA:23,2
DA:25,2
LF:21
LH:21
BRF:0
BRH:0
end_of_record
TN:
SF:startup/validation.js
FN:3,(anonymous_0)
FNF:1
FNH:1
FNDA:2,(anonymous_0)
DA:1,2
DA:3,2
DA:4,2
LF:3
LH:3
BRF:0
BRH:0
end_of_record
